proguard/seeds.txt
com.assembly.app.ConversationsActivity
com.assembly.app.ConversationsActivity: ConversationsActivity()
com.assembly.app.GroupActivity
com.assembly.app.GroupActivity: GroupActivity()
com.assembly.app.HomeActivity
com.assembly.app.HomeActivity: HomeActivity()
com.assembly.app.MainActivity
com.assembly.app.MainActivity: MainActivity()
com.assembly.app.MessagesActivity
com.assembly.app.MessagesActivity: MessagesActivity()
com.assembly.app.NewProfileActivity
com.assembly.app.NewProfileActivity: NewProfileActivity()
com.assembly.app.RegistrationActivity
com.assembly.app.RegistrationActivity: RegistrationActivity()
com.assembly.app.SearchActivity
com.assembly.app.SearchActivity: SearchActivity()
com.assembly.app.SettingsActivity
com.assembly.app.SettingsActivity: SettingsActivity()
com.assembly.app.TutorialActivity
com.assembly.app.TutorialActivity: TutorialActivity()
com.assembly.app.gcm.GcmBroadcastReceiver
com.assembly.app.gcm.GcmBroadcastReceiver: GcmBroadcastReceiver()
com.assembly.app.gcm.GcmIntentService
com.assembly.app.gcm.GcmIntentService: GcmIntentService()
...
android.support.v4.app.BackStackState
android.support.v4.app.BackStackState: android.os.Parcelable$Creator CREATOR
android.support.v4.app.Fragment$SavedState
android.support.v4.app.Fragment$SavedState: android.os.Parcelable$Creator CREATOR
android.support.v4.app.FragmentActivity: FragmentActivity()
android.support.v4.app.FragmentManagerState
android.support.v4.app.FragmentManagerState: android.os.Parcelable$Creator CREATOR
android.support.v4.app.FragmentState
android.support.v4.app.FragmentState: android.os.Parcelable$Creator CREATOR
android.support.v4.app.FragmentTabHost$SavedState
android.support.v4.app.FragmentTabHost$SavedState: android.os.Parcelable$Creator CREATOR
android.support.v4.content.WakefulBroadcastReceiver: WakefulBroadcastReceiver()
android.support.v4.view.ViewPager
android.support.v4.view.ViewPager: ViewPager(android.content.Context)
android.support.v4.view.ViewPager: ViewPager(android.content.Context,android.util.AttributeSet)
android.support.v4.view.ViewPager$SavedState
android.support.v4.view.ViewPager$SavedState: android.os.Parcelable$Creator CREATOR
android.support.v4.widget.DrawerLayout
android.support.v4.widget.DrawerLayout: DrawerLayout(android.content.Context)
android.support.v4.widget.DrawerLayout: DrawerLayout(android.content.Context,android.util.AttributeSet)
android.support.v4.widget.DrawerLayout: DrawerLayout(android.content.Context,android.util.AttributeSet,int)
android.support.v4.widget.DrawerLayout$SavedState
android.support.v4.widget.DrawerLayout$SavedState: android.os.Parcelable$Creator CREATOR
android.support.v4.widget.SlidingPaneLayout$SavedState
android.support.v4.widget.SlidingPaneLayout$SavedState: android.os.Parcelable$Creator CREATOR
android.support.v7.internal.view.menu.ActionMenuItemView
android.support.v7.internal.view.menu.ActionMenuItemView: ActionMenuItemView(android.content.Context)
android.support.v7.internal.view.menu.ActionMenuItemView: ActionMenuItemView(android.content.Context,android.util.AttributeSet)
android.support.v7.internal.view.menu.ActionMenuItemView: ActionMenuItemView(android.content.Context,android.util.AttributeSet,int)
android.support.v7.internal.view.menu.ActionMenuPresenter$SavedState
android.support.v7.internal.view.menu.ActionMenuPresenter$SavedState: android.os.Parcelable$Creator CREATOR
android.support.v7.internal.view.menu.ActionMenuView
android.support.v7.internal.view.menu.ActionMenuView: ActionMenuView(android.content.Context)
android.support.v7.internal.view.menu.ActionMenuView: ActionMenuView(android.content.Context,android.util.AttributeSet)
android.support.v7.internal.view.menu.ExpandedMenuView
android.support.v7.internal.view.menu.ExpandedMenuView: ExpandedMenuView(android.content.Context,android.util.AttributeSet)
android.support.v7.internal.view.menu.ListMenuItemView
android.support.v7.internal.view.menu.ListMenuItemView: ListMenuItemView(android.content.Context,android.util.AttributeSet,int)
android.support.v7.internal.view.menu.ListMenuItemView: ListMenuItemView(android.content.Context,android.util.AttributeSet)
android.support.v7.internal.widget.AbsActionBarView: AbsActionBarView(android.content.Context)
android.support.v7.internal.widget.AbsActionBarView: AbsActionBarView(android.content.Context,android.util.AttributeSet)
android.support.v7.internal.widget.AbsActionBarView: AbsActionBarView(android.content.Context,android.util.AttributeSet,int)
android.support.v7.internal.widget.AbsSpinnerICS$SavedState
android.support.v7.internal.widget.AbsSpinnerICS$SavedState: android.os.Parcelable$Creator CREATOR
android.support.v7.internal.widget.ActionBarContainer
android.support.v7.internal.widget.ActionBarContainer: ActionBarContainer(android.content.Context)
android.support.v7.internal.widget.ActionBarContainer: ActionBarContainer(android.content.Context,android.util.AttributeSet)