proguard/mapping.txt
com.assembly.app.ConversationsActivity -> com.assembly.app.ConversationsActivity:
    com.assembly.app.utils.view.ConversationsAdapter conversationsAdapter -> a
    java.util.ArrayList conversations -> b
    android.widget.TextView newMessagesCountTxt -> c
    com.assembly.app.utils.view.ConversationsAdapter searchAdapter -> d
    java.util.ArrayList searchResults -> e
    boolean isSearch -> f
    android.widget.TextView noSearchResults -> g
    56:154:void onCreate(android.os.Bundle) -> onCreate
    158:160:void onStart() -> onStart
    164:166:void onRestart() -> onRestart
    170:172:void onStop() -> onStop
    176:186:boolean onCreateOptionsMenu(android.view.Menu) -> onCreateOptionsMenu
    191:198:boolean onOptionsItemSelected(android.view.MenuItem) -> onOptionsItemSelected
    202:208:void updateNewMessagesCount() -> a
    247:260:void getConversations() -> c
    263:267:void updateConversations() -> b
    347:363:void loadConnectionProfile(java.lang.String) -> a
    51:51:boolean access$0(com.assembly.app.ConversationsActivity) -> a
    50:50:java.util.ArrayList access$1(com.assembly.app.ConversationsActivity) -> b
    46:46:java.util.ArrayList access$2(com.assembly.app.ConversationsActivity) -> c
    269:269:void access$3(com.assembly.app.ConversationsActivity,com.assembly.app.data.Conversation) -> a
    45:45:com.assembly.app.utils.view.ConversationsAdapter access$4(com.assembly.app.ConversationsActivity) -> d
com.assembly.app.ConversationsActivity$1 -> com.assembly.app.a:
    com.assembly.app.ConversationsActivity this$0 -> a
    71:97:void onItemClick(android.widget.AdapterView,android.view.View,int,long) -> onItemClick
com.assembly.app.ConversationsActivity$2 -> com.assembly.app.b:
    com.assembly.app.ConversationsActivity this$0 -> a
    android.widget.ListView val$messagesList -> b
    107:107:void onTextChanged(java.lang.CharSequence,int,int,int) -> onTextChanged
    112:112:void beforeTextChanged(java.lang.CharSequence,int,int,int) -> beforeTextChanged
    116:122:void afterTextChanged(android.text.Editable) -> afterTextChanged
com.assembly.app.ConversationsActivity$3 -> com.assembly.app.c:
    com.assembly.app.ConversationsActivity this$0 -> a
    android.widget.EditText val$conversationsSearchEdit -> b
    android.widget.ListView val$messagesList -> c
    128:149:boolean onEditorAction(android.widget.TextView,int,android.view.KeyEvent) -> onEditorAction
com.assembly.app.ConversationsActivity$4 -> com.assembly.app.d:
    com.assembly.app.ConversationsActivity this$0 -> a
    216:225:void onSuccess(org.json.JSONObject) -> a
    229:230:void onError(java.lang.String,java.lang.Exception) -> a
com.assembly.app.ConversationsActivity$5 -> com.assembly.app.e:
    com.assembly.app.ConversationsActivity this$0 -> a
    239:242:void run() -> run
com.assembly.app.ConversationsActivity$6 -> com.assembly.app.f:
    com.assembly.app.ConversationsActivity this$0 -> a
    com.assembly.app.data.Conversation val$currentConversation -> b
    274:288:void run() -> run
com.assembly.app.ConversationsActivity$7 -> com.assembly.app.g:
    com.assembly.app.ConversationsActivity this$0 -> a
    352:356:void onSuccess(org.json.JSONObject) -> a
    360:361:void onError(java.lang.String,java.lang.Exception) -> a
...
android.support.v4.view.accessibility.AccessibilityRecordCompat -> android.support.v4.view.a.o:
    android.support.v4.view.accessibility.AccessibilityRecordCompat$AccessibilityRecordImpl IMPL -> a
    java.lang.Object mRecord -> b
    560:560:android.support.v4.view.accessibility.AccessibilityRecordCompat obtain() -> a
    714:715:void setScrollable(boolean) -> a
    734:735:void setItemCount(int) -> a
    780:781:void setFromIndex(int) -> b
    800:801:void setToIndex(int) -> c
    1019:1019:int hashCode() -> hashCode
    1025:1042:boolean equals(java.lang.Object) -> equals
android.support.v4.view.accessibility.AccessibilityRecordCompat$AccessibilityRecordIcsImpl -> android.support.v4.view.a.p:
    271:271:java.lang.Object obtain() -> a
    422:423:void setFromIndex(java.lang.Object,int) -> a
    432:433:void setItemCount(java.lang.Object,int) -> b
    462:463:void setScrollable(java.lang.Object,boolean) -> a
    472:473:void setToIndex(java.lang.Object,int) -> c
android.support.v4.view.accessibility.AccessibilityRecordCompat$AccessibilityRecordIcsMr1Impl -> android.support.v4.view.a.q:
android.support.v4.view.accessibility.AccessibilityRecordCompat$AccessibilityRecordImpl -> android.support.v4.view.a.r:
    84:84:java.lang.Object obtain() -> a
    253:253:void setScrollable(java.lang.Object,boolean) -> a
    221:221:void setItemCount(java.lang.Object,int) -> b
    213:213:void setFromIndex(java.lang.Object,int) -> a
    265:265:void setToIndex(java.lang.Object,int) -> c
android.support.v4.view.accessibility.AccessibilityRecordCompat$AccessibilityRecordJellyBeanImpl -> android.support.v4.view.a.s:
android.support.v4.widget.DrawerLayout -> android.support.v4.widget.DrawerLayout:
    int[] LAYOUT_ATTRS -> a
    int mMinDrawerMargin -> b
    int mScrimColor -> c
    float mScrimOpacity -> d
    android.graphics.Paint mScrimPaint -> e
    android.support.v4.widget.ViewDragHelper mLeftDragger -> f
    android.support.v4.widget.ViewDragHelper mRightDragger -> g
    android.support.v4.widget.DrawerLayout$ViewDragCallback mLeftCallback -> h
    android.support.v4.widget.DrawerLayout$ViewDragCallback mRightCallback -> i
    int mDrawerState -> j
    boolean mInLayout -> k
    boolean mFirstLayout -> l
    int mLockModeLeft -> m
    int mLockModeRight -> n
    boolean mChildrenCanceledTouch -> o
    android.support.v4.widget.DrawerLayout$DrawerListener mListener -> p
    float mInitialMotionX -> q
    float mInitialMotionY -> r
    310:311:void setDrawerListener(android.support.v4.widget.DrawerLayout$DrawerListener) -> a
    351:378:void setDrawerLockMode(int,int) -> a
    433:439:int getDrawerLockMode(android.view.View) -> a
    471:478:java.lang.CharSequence getDrawerTitle(int) -> a
    486:514:void updateDrawerState$5cdeb3e3(int,android.view.View) -> a
    554:561:void setDrawerViewOffset(android.view.View,float) -> a
    564:564:float getDrawerViewOffset(android.view.View) -> b
    572:573:int getDrawerViewAbsoluteGravity(android.view.View) -> c
    577:578:boolean checkDrawerViewAbsoluteGravity(android.view.View,int) -> a
    582:589:android.view.View findOpenDrawer() -> a