proguard/usage.txt
com.assembly.app.BuildConfig
com.assembly.app.HomeActivity:
    public static final int MENU_ITEM_SETTINGS
    public static final int MENU_ITEM_EDIT_MY_PROFILE
    public static final int MENU_ITEM_FEEDBACK
    public static final int MENU_ITEM_TUTORIAL
    public static final int MENU_ITEM_LOG_OUT
    public static final java.lang.String NOTIFICATION_USER_ID
    public static final java.lang.String NOTIFICATION_GROUP_ID
com.assembly.app.MainActivity:
    public static final int REQUEST_CODE_GPS_SETTINGS
com.assembly.app.Manifest
com.assembly.app.Manifest$permission
com.assembly.app.NewProfileActivity:
    private static final int COMMON_FREIND_IMAGE_WIDTH
    private static final int COMMON_FREIND_IMAGE_HEIGHT
com.assembly.app.R
com.assembly.app.R$anim
com.assembly.app.R$attr
com.assembly.app.R$bool
com.assembly.app.R$color
com.assembly.app.R$dimen
com.assembly.app.R$drawable
com.assembly.app.R$id
com.assembly.app.R$integer
com.assembly.app.R$layout
com.assembly.app.R$menu
com.assembly.app.R$raw
com.assembly.app.R$string
com.assembly.app.R$style
com.assembly.app.R$styleable
com.assembly.app.R$xml
com.assembly.app.SearchActivity:
    public static final int TAB_CONNECTION
    public static final int TAB_SUGGESTION
com.assembly.app.backend.API:
    public static final java.lang.String LOGIN
    public static final java.lang.String LOGOUT
    public static final java.lang.String SEARCH
    public static final java.lang.String SAVE_LOCATION
    public static final java.lang.String JOIN_GROUP
    public static final java.lang.String GET_MESSAGES
    public static final java.lang.String GET_PROFILE
    public static final java.lang.String GET_SETTINGS
    public static final java.lang.String GET_SUGGESTIONS
    public static final java.lang.String GET_CONNECTIONS
    public static final java.lang.String GET_GROUPS
    public static final java.lang.String GET_GROUP_MEMBERS
    public static final java.lang.String SET_CONNECT
    public static final java.lang.String SET_PARAM
    public static final java.lang.String SET_TAGS
    public static final java.lang.String SEND_MESSAGE
    public static final java.lang.String SEND_ERROR
    public static final java.lang.String TAG
    30:30:public API()
com.assembly.app.backend.API$RequestData:
    public static final int POST_METHOD
    public static final int GET_METHOD
    388:389:public void setRequestObserver(com.assembly.app.backend.API$RequestObserver)
com.assembly.app.data.Group:
    31:34:public Group(java.lang.String,java.lang.String)
com.assembly.app.data.User:
    97:103:public User(java.lang.String,java.lang.String,java.lang.String,java.lang.String,java.lang.String)
com.assembly.app.fragment.ConnectionsFragment:
    public static final java.lang.String CURRENT_TYPE
    public static final int TYPE_SUGGESTION
    public static final int TYPE_CONNECTION
com.assembly.app.fragment.HomeFragment:
    public static final int TAB_COUNT
    public static final int TAB_SUGGESTION
    public static final int TAB_CONNECTION
    public static final int TAB_GROUP
com.assembly.app.manager.FilesManager:
    public static final java.lang.String MESSAGES_FILE_NAME
com.assembly.app.manager.GCMClientManager:
    private static final java.lang.String TAG
...
com.google.android.gms.internal.u$4
com.google.android.gms.internal.u$a
com.google.android.gms.internal.u$b
com.google.android.gms.internal.v
com.google.android.gms.internal.v$a
com.google.android.gms.internal.v$b
com.google.android.gms.internal.w
com.google.android.gms.internal.x
com.google.android.gms.internal.y
com.google.android.gms.internal.z
com.google.android.gms.location.ActivityRecognition
com.google.android.gms.location.ActivityRecognition$1
com.google.android.gms.location.ActivityRecognition$a
com.google.android.gms.location.ActivityRecognitionApi
com.google.android.gms.location.ActivityRecognitionResult
com.google.android.gms.location.ActivityRecognitionResultCreator
com.google.android.gms.location.DetectedActivity
com.google.android.gms.location.DetectedActivity$1
com.google.android.gms.location.DetectedActivityCreator
com.google.android.gms.location.FusedLocationProviderApi:
    public static final java.lang.String KEY_LOCATION_CHANGED
    public static final java.lang.String KEY_MOCK_LOCATION
    public abstract com.google.android.gms.common.api.PendingResult requestLocationUpdates(com.google.android.gms.common.api.GoogleApiClient,com.google.android.gms.location.LocationRequest,com.google.android.gms.location.LocationListener,android.os.Looper)
    public abstract com.google.android.gms.common.api.PendingResult requestLocationUpdates(com.google.android.gms.common.api.GoogleApiClient,com.google.android.gms.location.LocationRequest,android.app.PendingIntent)
    public abstract com.google.android.gms.common.api.PendingResult removeLocationUpdates(com.google.android.gms.common.api.GoogleApiClient,android.app.PendingIntent)
    public abstract com.google.android.gms.common.api.PendingResult setMockMode(com.google.android.gms.common.api.GoogleApiClient,boolean)
    public abstract com.google.android.gms.common.api.PendingResult setMockLocation(com.google.android.gms.common.api.GoogleApiClient,android.location.Location)
com.google.android.gms.location.Geofence
com.google.android.gms.location.Geofence$Builder
com.google.android.gms.location.GeofenceStatusCodes
com.google.android.gms.location.GeofencingApi:
    public abstract com.google.android.gms.common.api.PendingResult addGeofences(com.google.android.gms.common.api.GoogleApiClient,java.util.List,android.app.PendingIntent)
    public abstract com.google.android.gms.common.api.PendingResult addGeofences(com.google.android.gms.common.api.GoogleApiClient,com.google.android.gms.location.GeofencingRequest,android.app.PendingIntent)
    public abstract com.google.android.gms.common.api.PendingResult removeGeofences(com.google.android.gms.common.api.GoogleApiClient,android.app.PendingIntent)
    public abstract com.google.android.gms.common.api.PendingResult removeGeofences(com.google.android.gms.common.api.GoogleApiClient,java.util.List)
com.google.android.gms.location.GeofencingEvent
com.google.android.gms.location.GeofencingRequest:
    public static final int INITIAL_TRIGGER_ENTER
    public static final int INITIAL_TRIGGER_EXIT
    public static final int INITIAL_TRIGGER_DWELL
    private GeofencingRequest(java.util.List,int)
    public java.util.List getGeofences()
    synthetic GeofencingRequest(java.util.List,int,com.google.android.gms.location.GeofencingRequest$1)
com.google.android.gms.location.GeofencingRequest$1
com.google.android.gms.location.GeofencingRequest$Builder